<?xml version="1.0" encoding="UTF-8"?>
<!-- Generated by org.testng.reporters.JUnitReportReporter -->
<testsuite hostname="Suyasha_Masand" failures="0" tests="1" name="practise.MavenCommandTest" time="0.008" errors="0" timestamp="2024-01-09T15:53:20 IST" skipped="0">
  <testcase classname="practise.MavenCommandTest" name="test1" time="0.008"/>
</testsuite> <!-- practise.MavenCommandTest -->
