<?xml version="1.0" encoding="UTF-8"?>
<!-- Generated by org.testng.reporters.JUnitReportReporter -->
<testsuite hostname="Suyasha_Masand" failures="0" tests="1" name="practise.Maven_ProjectTest" time="0.005" errors="0" timestamp="2024-01-09T18:03:39 IST" skipped="0">
  <testcase classname="practise.Maven_ProjectTest" name="Test1" time="0.005"/>
</testsuite> <!-- practise.Maven_ProjectTest -->
