<?xml version="1.0" encoding="UTF-8"?>
<!-- Generated by org.testng.reporters.JUnitReportReporter -->
<testsuite hostname="Suyasha_Masand" failures="0" tests="3" name="practise.MavenCommandTest" time="0.000" errors="0" timestamp="2024-01-10T09:41:26 IST" skipped="0">
  <testcase classname="practise.MavenCommandTest" name="test1" time="0.000"/>
  <system-out/>
  <testcase classname="practise.MavenCommandTest" name="test2" time="0.000"/>
  <system-out/>
  <testcase classname="practise.MavenCommandTest" name="test3" time="0.000"/>
  <system-out/>
</testsuite> <!-- practise.MavenCommandTest -->
